2016-08-12 17:45:24 - Starting C:\Program Files\nodejs\node.exe --harmony "D:\Servion Projects\Pricing Tool\ReportFrameworkAzure\node_modules\node-windows\lib\wrapper.js" -f "D:\Servion Projects\Pricing Tool\ReportFrameworkAzure\bin\www" -l "PricingToolv1.1" -g 0.25 -w 1 -m 500 -r 6000 -a n
2016-08-12 17:45:24 - Started 9192
2016-08-12 18:29:36 - Stopping pricingtoolv11.exe
2016-08-12 18:29:36 - ProcessKill 9192
2016-08-12 18:29:36 - Finished pricingtoolv11.exe
2016-08-12 19:02:17 - Starting C:\Program Files\nodejs\node.exe --harmony "D:\Servion Projects\Pricing Tool\ReportFrameworkAzure\node_modules\node-windows\lib\wrapper.js" -f "D:\Servion Projects\Pricing Tool\ReportFrameworkAzure\bin\www" -l "PricingToolv1.1" -g 0.25 -w 1 -m 500 -r 6000 -a n
2016-08-12 19:02:17 - Started 10124
2016-08-16 11:04:56 - Stopping pricingtoolv11.exe
2016-08-16 11:04:57 - ProcessKill 10124
2016-08-16 11:04:57 - Finished pricingtoolv11.exe
2016-08-16 11:06:36 - Starting C:\Program Files\nodejs\node.exe --harmony "D:\Servion Projects\Pricing Tool\ReportFrameworkAzure\node_modules\node-windows\lib\wrapper.js" -f "D:\Servion Projects\Pricing Tool\ReportFrameworkAzure\bin\www" -l "PricingToolv1.1" -g 0.25 -w 1 -m 500 -r 6000 -a n
2016-08-16 11:06:36 - Started 2840
2016-08-16 11:08:30 - Stopping pricingtoolv11.exe
2016-08-16 11:08:31 - ProcessKill 2840
2016-08-16 11:08:31 - Finished pricingtoolv11.exe
2016-08-17 14:24:09 - Starting C:\Program Files\nodejs\node.exe --harmony "D:\Servion Projects\Pricing Tool\ReportFrameworkAzure\node_modules\node-windows\lib\wrapper.js" -f "D:\Servion Projects\Pricing Tool\ReportFrameworkAzure\bin\www" -l "PricingToolv1.1" -g 0.25 -w 1 -m 500 -r 6000 -a n
2016-08-17 14:24:09 - Started 2260
2016-08-17 14:27:02 - Stopping pricingtoolv11.exe
2016-08-17 14:27:02 - ProcessKill 2260
2016-08-17 14:27:02 - Finished pricingtoolv11.exe
